   100000000.000000     
   200000000.000000     
   300000000.000000     
   400000000.000000     
   500000000.000000     
   600000000.000000     
   700000000.000000     
   800000000.000000     
   900000000.000000     
   1000000000.00000     
   1100000000.00000     
   1200000000.00000     
   1300000000.00000     
   1400000000.00000     
   1500000000.00000     
   1600000000.00000     
   1700000000.00000     
   1800000000.00000     
   1900000000.00000     
   2000000000.00000     
   2100000000.00000     
   2200000000.00000     
   2300000000.00000     
   2400000000.00000     
   2500000000.00000     
   2600000000.00000     
   2700000000.00000     
   2800000000.00000     
   2900000000.00000     
   3000000000.00000     
   3100000000.00000     
   3200000000.00000     
   3300000000.00000     
   3400000000.00000     
   3500000000.00000     
   3600000000.00000     
   3700000000.00000     
   3800000000.00000     
   3900000000.00000     
   4000000000.00000     
   4100000000.00000     
   4200000000.00000     
   4300000000.00000     
   4400000000.00000     
   4500000000.00000     
   4600000000.00000     
   4700000000.00000     
   4800000000.00000     
   4900000000.00000     
   5000000000.00000     
   5100000000.00000     
   5200000000.00000     
   5300000000.00000     
   5400000000.00000     
   5500000000.00000     
   5600000000.00000     
   5700000000.00000     
   5800000000.00000     
   5900000000.00000     
   6000000000.00000     
   6100000000.00000     
   6200000000.00000     
   6300000000.00000     
   6400000000.00000     
   6500000000.00000     
   6600000000.00000     
   6700000000.00000     
   6800000000.00000     
   6900000000.00000     
   7000000000.00000     
   7100000000.00000     
   7200000000.00000     
   7300000000.00000     
   7400000000.00000     
   7500000000.00000     
   7600000000.00000     
   7700000000.00000     
   7800000000.00000     
   7900000000.00000     
   8000000000.00000     
   8100000000.00000     
   8200000000.00000     
   8300000000.00000     
   8400000000.00000     
   8500000000.00000     
   8600000000.00000     
   8700000000.00000     
   8800000000.00000     
   8900000000.00000     
   9000000000.00000     
   9100000000.00000     
   9200000000.00000     
   9300000000.00000     
   9400000000.00000     
   9500000000.00000     
   9600000000.00000     
   9700000000.00000     
   9800000000.00000     
   9900000000.00000     
   10000000000.0000     
