Log file for C2-Ray run
 Running on processor named 
 bacchus                                                                        
                      
  Number of OpenMP threads is            1

Using a black body with
 Teff=        1.000E+05 K
 Radius=      1.000E+00 R_solar
 Luminosity=  0.000E+00 L_solar
 scaling  6.505268992820476E+048  3.803608109193976E+047

Using a power law source with
 power law index=  2.000E+00
 efficiency parameter=  1.000E+00
 Number of H ionizing photons:  4.72166E+53 s^-1


 Number of He0 ionizing photons:  3.20275E+53 s^-1


 Number of He+ ionizing photons:  2.61358E+53 s^-1


 Total number of ionizing photons:  1.05380E+54 s^-1


Time, dt: 1.000E+07  1.000E+07  (years)
Time, dt: 2.000E+07  1.000E+07  (years)
Time, dt: 3.000E+07  1.000E+07  (years)
Time, dt: 4.000E+07  1.000E+07  (years)
Time, dt: 5.000E+07  1.000E+07  (years)
Time, dt: 6.000E+07  1.000E+07  (years)
Time, dt: 7.000E+07  1.000E+07  (years)
Time, dt: 8.000E+07  1.000E+07  (years)
Time, dt: 9.000E+07  1.000E+07  (years)
Time, dt: 1.000E+08  1.000E+07  (years)
Time, dt: 1.100E+08  1.000E+07  (years)
Time, dt: 1.200E+08  1.000E+07  (years)
Time, dt: 1.300E+08  1.000E+07  (years)
Time, dt: 1.400E+08  1.000E+07  (years)
Time, dt: 1.500E+08  1.000E+07  (years)
Time, dt: 1.600E+08  1.000E+07  (years)
Time, dt: 1.700E+08  1.000E+07  (years)
Time, dt: 1.800E+08  1.000E+07  (years)
Time, dt: 1.900E+08  1.000E+07  (years)
Time, dt: 2.000E+08  1.000E+07  (years)
Time, dt: 2.100E+08  1.000E+07  (years)
Time, dt: 2.200E+08  1.000E+07  (years)
Time, dt: 2.300E+08  1.000E+07  (years)
Time, dt: 2.400E+08  1.000E+07  (years)
Time, dt: 2.500E+08  1.000E+07  (years)
Time, dt: 2.600E+08  1.000E+07  (years)
Time, dt: 2.700E+08  1.000E+07  (years)
Time, dt: 2.800E+08  1.000E+07  (years)
Time, dt: 2.900E+08  1.000E+07  (years)
Time, dt: 3.000E+08  1.000E+07  (years)
Time, dt: 3.100E+08  1.000E+07  (years)
Time, dt: 3.200E+08  1.000E+07  (years)
Time, dt: 3.300E+08  1.000E+07  (years)
Time, dt: 3.400E+08  1.000E+07  (years)
Time, dt: 3.500E+08  1.000E+07  (years)
Time, dt: 3.600E+08  1.000E+07  (years)
Time, dt: 3.700E+08  1.000E+07  (years)
Time, dt: 3.800E+08  1.000E+07  (years)
Time, dt: 3.900E+08  1.000E+07  (years)
Time, dt: 4.000E+08  1.000E+07  (years)
Time, dt: 4.100E+08  1.000E+07  (years)
Time, dt: 4.200E+08  1.000E+07  (years)
Time, dt: 4.300E+08  1.000E+07  (years)
Time, dt: 4.400E+08  1.000E+07  (years)
Time, dt: 4.500E+08  1.000E+07  (years)
Time, dt: 4.600E+08  1.000E+07  (years)
Time, dt: 4.700E+08  1.000E+07  (years)
Time, dt: 4.800E+08  1.000E+07  (years)
Time, dt: 4.900E+08  1.000E+07  (years)
Time, dt: 5.000E+08  1.000E+07  (years)
Time, dt: 5.100E+08  1.000E+07  (years)
Time, dt: 5.200E+08  1.000E+07  (years)
Time, dt: 5.300E+08  1.000E+07  (years)
Time, dt: 5.400E+08  1.000E+07  (years)
Time, dt: 5.500E+08  1.000E+07  (years)
Time, dt: 5.600E+08  1.000E+07  (years)
Time, dt: 5.700E+08  1.000E+07  (years)
Time, dt: 5.800E+08  1.000E+07  (years)
Time, dt: 5.900E+08  1.000E+07  (years)
Time, dt: 6.000E+08  1.000E+07  (years)
Time, dt: 6.100E+08  1.000E+07  (years)
Time, dt: 6.200E+08  1.000E+07  (years)
Time, dt: 6.300E+08  1.000E+07  (years)
Time, dt: 6.400E+08  1.000E+07  (years)
Time, dt: 6.500E+08  1.000E+07  (years)
Time, dt: 6.600E+08  1.000E+07  (years)
Time, dt: 6.700E+08  1.000E+07  (years)
Time, dt: 6.800E+08  1.000E+07  (years)
Time, dt: 6.900E+08  1.000E+07  (years)
Time, dt: 7.000E+08  1.000E+07  (years)
Time, dt: 7.100E+08  1.000E+07  (years)
Time, dt: 7.200E+08  1.000E+07  (years)
Time, dt: 7.300E+08  1.000E+07  (years)
Time, dt: 7.400E+08  1.000E+07  (years)
Time, dt: 7.500E+08  1.000E+07  (years)
Time, dt: 7.600E+08  1.000E+07  (years)
Time, dt: 7.700E+08  1.000E+07  (years)
Time, dt: 7.800E+08  1.000E+07  (years)
Time, dt: 7.900E+08  1.000E+07  (years)
Time, dt: 8.000E+08  1.000E+07  (years)
Time, dt: 8.100E+08  1.000E+07  (years)
Time, dt: 8.200E+08  1.000E+07  (years)
Time, dt: 8.300E+08  1.000E+07  (years)
Time, dt: 8.400E+08  1.000E+07  (years)
Time, dt: 8.500E+08  1.000E+07  (years)
Time, dt: 8.600E+08  1.000E+07  (years)
Time, dt: 8.700E+08  1.000E+07  (years)
Time, dt: 8.800E+08  1.000E+07  (years)
Time, dt: 8.900E+08  1.000E+07  (years)
Time, dt: 9.000E+08  1.000E+07  (years)
Time, dt: 9.100E+08  1.000E+07  (years)
Time, dt: 9.200E+08  1.000E+07  (years)
Time, dt: 9.300E+08  1.000E+07  (years)
Time, dt: 9.400E+08  1.000E+07  (years)
Time, dt: 9.500E+08  1.000E+07  (years)
Time, dt: 9.600E+08  1.000E+07  (years)
Time, dt: 9.700E+08  1.000E+07  (years)
Time, dt: 9.800E+08  1.000E+07  (years)
Time, dt: 9.900E+08  1.000E+07  (years)
Time, dt: 1.000E+09  1.000E+07  (years)
Time, dt: 1.010E+09  1.000E+07  (years)
Time, dt: 1.020E+09  1.000E+07  (years)
Time, dt: 1.030E+09  1.000E+07  (years)
Time, dt: 1.040E+09  1.000E+07  (years)
Time, dt: 1.050E+09  1.000E+07  (years)
Time, dt: 1.060E+09  1.000E+07  (years)
Time, dt: 1.070E+09  1.000E+07  (years)
Time, dt: 1.080E+09  1.000E+07  (years)
Time, dt: 1.090E+09  1.000E+07  (years)
Time, dt: 1.100E+09  1.000E+07  (years)
Time, dt: 1.110E+09  1.000E+07  (years)
Time, dt: 1.120E+09  1.000E+07  (years)
Time, dt: 1.130E+09  1.000E+07  (years)
Time, dt: 1.140E+09  1.000E+07  (years)
Time, dt: 1.150E+09  1.000E+07  (years)
Time, dt: 1.160E+09  1.000E+07  (years)
Time, dt: 1.170E+09  1.000E+07  (years)
Time, dt: 1.180E+09  1.000E+07  (years)
Time, dt: 1.190E+09  1.000E+07  (years)
Time, dt: 1.200E+09  1.000E+07  (years)
Time, dt: 1.210E+09  1.000E+07  (years)
Time, dt: 1.220E+09  1.000E+07  (years)
Time, dt: 1.230E+09  1.000E+07  (years)
Time, dt: 1.240E+09  1.000E+07  (years)
Time, dt: 1.250E+09  1.000E+07  (years)
Time, dt: 1.260E+09  1.000E+07  (years)
Time, dt: 1.270E+09  1.000E+07  (years)
Time, dt: 1.280E+09  1.000E+07  (years)
Time, dt: 1.290E+09  1.000E+07  (years)
Time, dt: 1.300E+09  1.000E+07  (years)
Time, dt: 1.310E+09  1.000E+07  (years)
Time, dt: 1.320E+09  1.000E+07  (years)
Time, dt: 1.330E+09  1.000E+07  (years)
Time, dt: 1.340E+09  1.000E+07  (years)
Time, dt: 1.350E+09  1.000E+07  (years)
Time, dt: 1.360E+09  1.000E+07  (years)
Time, dt: 1.370E+09  1.000E+07  (years)
Time, dt: 1.380E+09  1.000E+07  (years)
Time, dt: 1.390E+09  1.000E+07  (years)
Time, dt: 1.400E+09  1.000E+07  (years)
Time, dt: 1.410E+09  1.000E+07  (years)
Time, dt: 1.420E+09  1.000E+07  (years)
Time, dt: 1.430E+09  1.000E+07  (years)
Time, dt: 1.440E+09  1.000E+07  (years)
Time, dt: 1.450E+09  1.000E+07  (years)
Time, dt: 1.460E+09  1.000E+07  (years)
Time, dt: 1.470E+09  1.000E+07  (years)
Time, dt: 1.480E+09  1.000E+07  (years)
Time, dt: 1.490E+09  1.000E+07  (years)
Time, dt: 1.500E+09  1.000E+07  (years)
Time, dt: 1.510E+09  1.000E+07  (years)
Time, dt: 1.520E+09  1.000E+07  (years)
Time, dt: 1.530E+09  1.000E+07  (years)
Time, dt: 1.540E+09  1.000E+07  (years)
Time, dt: 1.550E+09  1.000E+07  (years)
Time, dt: 1.560E+09  1.000E+07  (years)
Time, dt: 1.570E+09  1.000E+07  (years)
Time, dt: 1.580E+09  1.000E+07  (years)
Time, dt: 1.590E+09  1.000E+07  (years)
Time, dt: 1.600E+09  1.000E+07  (years)
Time, dt: 1.610E+09  1.000E+07  (years)
Time, dt: 1.620E+09  1.000E+07  (years)
Time, dt: 1.630E+09  1.000E+07  (years)
Time, dt: 1.640E+09  1.000E+07  (years)
Time, dt: 1.650E+09  1.000E+07  (years)
Time, dt: 1.660E+09  1.000E+07  (years)
Time, dt: 1.670E+09  1.000E+07  (years)
Time, dt: 1.680E+09  1.000E+07  (years)
Time, dt: 1.690E+09  1.000E+07  (years)
Time, dt: 1.700E+09  1.000E+07  (years)
Time, dt: 1.710E+09  1.000E+07  (years)
Time, dt: 1.720E+09  1.000E+07  (years)
Time, dt: 1.730E+09  1.000E+07  (years)
Time, dt: 1.740E+09  1.000E+07  (years)
Time, dt: 1.750E+09  1.000E+07  (years)
Time, dt: 1.760E+09  1.000E+07  (years)
Time, dt: 1.770E+09  1.000E+07  (years)
Time, dt: 1.780E+09  1.000E+07  (years)
Time, dt: 1.790E+09  1.000E+07  (years)
Time, dt: 1.800E+09  1.000E+07  (years)
Time, dt: 1.810E+09  1.000E+07  (years)
Time, dt: 1.820E+09  1.000E+07  (years)
Time, dt: 1.830E+09  1.000E+07  (years)
Time, dt: 1.840E+09  1.000E+07  (years)
Time, dt: 1.850E+09  1.000E+07  (years)
Time, dt: 1.860E+09  1.000E+07  (years)
Time, dt: 1.870E+09  1.000E+07  (years)
Time, dt: 1.880E+09  1.000E+07  (years)
Time, dt: 1.890E+09  1.000E+07  (years)
Time, dt: 1.900E+09  1.000E+07  (years)
Time, dt: 1.910E+09  1.000E+07  (years)
Time, dt: 1.920E+09  1.000E+07  (years)
Time, dt: 1.930E+09  1.000E+07  (years)
Time, dt: 1.940E+09  1.000E+07  (years)
Time, dt: 1.950E+09  1.000E+07  (years)
Time, dt: 1.960E+09  1.000E+07  (years)
Time, dt: 1.970E+09  1.000E+07  (years)
Time, dt: 1.980E+09  1.000E+07  (years)
Time, dt: 1.990E+09  1.000E+07  (years)
Time, dt: 2.000E+09  1.000E+07  (years)
Time, dt: 2.010E+09  1.000E+07  (years)
Time, dt: 2.020E+09  1.000E+07  (years)
Time, dt: 2.030E+09  1.000E+07  (years)
Time, dt: 2.040E+09  1.000E+07  (years)
Time, dt: 2.050E+09  1.000E+07  (years)
Time, dt: 2.060E+09  1.000E+07  (years)
Time, dt: 2.070E+09  1.000E+07  (years)
Time, dt: 2.080E+09  1.000E+07  (years)
Time, dt: 2.090E+09  1.000E+07  (years)
Time, dt: 2.100E+09  1.000E+07  (years)
Time, dt: 2.110E+09  1.000E+07  (years)
Time, dt: 2.120E+09  1.000E+07  (years)
Time, dt: 2.130E+09  1.000E+07  (years)
Time, dt: 2.140E+09  1.000E+07  (years)
Time, dt: 2.150E+09  1.000E+07  (years)
Time, dt: 2.160E+09  1.000E+07  (years)
Time, dt: 2.170E+09  1.000E+07  (years)
Time, dt: 2.180E+09  1.000E+07  (years)
Time, dt: 2.190E+09  1.000E+07  (years)
Time, dt: 2.200E+09  1.000E+07  (years)
Time, dt: 2.210E+09  1.000E+07  (years)
Time, dt: 2.220E+09  1.000E+07  (years)
Time, dt: 2.230E+09  1.000E+07  (years)
Time, dt: 2.240E+09  1.000E+07  (years)
Time, dt: 2.250E+09  1.000E+07  (years)
Time, dt: 2.260E+09  1.000E+07  (years)
Time, dt: 2.270E+09  1.000E+07  (years)
Time, dt: 2.280E+09  1.000E+07  (years)
Time, dt: 2.290E+09  1.000E+07  (years)
Time, dt: 2.300E+09  1.000E+07  (years)
Time, dt: 2.310E+09  1.000E+07  (years)
Time, dt: 2.320E+09  1.000E+07  (years)
Time, dt: 2.330E+09  1.000E+07  (years)
Time, dt: 2.340E+09  1.000E+07  (years)
Time, dt: 2.350E+09  1.000E+07  (years)
Time, dt: 2.360E+09  1.000E+07  (years)
Time, dt: 2.370E+09  1.000E+07  (years)
Time, dt: 2.380E+09  1.000E+07  (years)
Time, dt: 2.390E+09  1.000E+07  (years)
Time, dt: 2.400E+09  1.000E+07  (years)
Time, dt: 2.410E+09  1.000E+07  (years)
Time, dt: 2.420E+09  1.000E+07  (years)
Time, dt: 2.430E+09  1.000E+07  (years)
Time, dt: 2.440E+09  1.000E+07  (years)
Time, dt: 2.450E+09  1.000E+07  (years)
Time, dt: 2.460E+09  1.000E+07  (years)
Time, dt: 2.470E+09  1.000E+07  (years)
Time, dt: 2.480E+09  1.000E+07  (years)
Time, dt: 2.490E+09  1.000E+07  (years)
Time, dt: 2.500E+09  1.000E+07  (years)
Time, dt: 2.510E+09  1.000E+07  (years)
Time, dt: 2.520E+09  1.000E+07  (years)
Time, dt: 2.530E+09  1.000E+07  (years)
Time, dt: 2.540E+09  1.000E+07  (years)
Time, dt: 2.550E+09  1.000E+07  (years)
Time, dt: 2.560E+09  1.000E+07  (years)
Time, dt: 2.570E+09  1.000E+07  (years)
Time, dt: 2.580E+09  1.000E+07  (years)
Time, dt: 2.590E+09  1.000E+07  (years)
Time, dt: 2.600E+09  1.000E+07  (years)
Time, dt: 2.610E+09  1.000E+07  (years)
Time, dt: 2.620E+09  1.000E+07  (years)
Time, dt: 2.630E+09  1.000E+07  (years)
Time, dt: 2.640E+09  1.000E+07  (years)
Time, dt: 2.650E+09  1.000E+07  (years)
Time, dt: 2.660E+09  1.000E+07  (years)
Time, dt: 2.670E+09  1.000E+07  (years)
Time, dt: 2.680E+09  1.000E+07  (years)
Time, dt: 2.690E+09  1.000E+07  (years)
Time, dt: 2.700E+09  1.000E+07  (years)
Time, dt: 2.710E+09  1.000E+07  (years)
Time, dt: 2.720E+09  1.000E+07  (years)
Time, dt: 2.730E+09  1.000E+07  (years)
Time, dt: 2.740E+09  1.000E+07  (years)
Time, dt: 2.750E+09  1.000E+07  (years)
Time, dt: 2.760E+09  1.000E+07  (years)
Time, dt: 2.770E+09  1.000E+07  (years)
Time, dt: 2.780E+09  1.000E+07  (years)
Time, dt: 2.790E+09  1.000E+07  (years)
Time, dt: 2.800E+09  1.000E+07  (years)
Time, dt: 2.810E+09  1.000E+07  (years)
Time, dt: 2.820E+09  1.000E+07  (years)
Time, dt: 2.830E+09  1.000E+07  (years)
Time, dt: 2.840E+09  1.000E+07  (years)
Time, dt: 2.850E+09  1.000E+07  (years)
Time, dt: 2.860E+09  1.000E+07  (years)
Time, dt: 2.870E+09  1.000E+07  (years)
Time, dt: 2.880E+09  1.000E+07  (years)
Time, dt: 2.890E+09  1.000E+07  (years)
Time, dt: 2.900E+09  1.000E+07  (years)
Time, dt: 2.910E+09  1.000E+07  (years)
Time, dt: 2.920E+09  1.000E+07  (years)
Time, dt: 2.930E+09  1.000E+07  (years)
Time, dt: 2.940E+09  1.000E+07  (years)
Time, dt: 2.950E+09  1.000E+07  (years)
Time, dt: 2.960E+09  1.000E+07  (years)
Time, dt: 2.970E+09  1.000E+07  (years)
Time, dt: 2.980E+09  1.000E+07  (years)
Time, dt: 2.990E+09  1.000E+07  (years)
Time, dt: 3.000E+09  1.000E+07  (years)
Time, dt: 3.010E+09  1.000E+07  (years)
Time, dt: 3.020E+09  1.000E+07  (years)
Time, dt: 3.030E+09  1.000E+07  (years)
Time, dt: 3.040E+09  1.000E+07  (years)
Time, dt: 3.050E+09  1.000E+07  (years)
Time, dt: 3.060E+09  1.000E+07  (years)
Time, dt: 3.070E+09  1.000E+07  (years)
Time, dt: 3.080E+09  1.000E+07  (years)
Time, dt: 3.090E+09  1.000E+07  (years)
Time, dt: 3.100E+09  1.000E+07  (years)
Time, dt: 3.110E+09  1.000E+07  (years)
Time, dt: 3.120E+09  1.000E+07  (years)
Time, dt: 3.130E+09  1.000E+07  (years)
Time, dt: 3.140E+09  1.000E+07  (years)
Time, dt: 3.150E+09  1.000E+07  (years)
Time, dt: 3.160E+09  1.000E+07  (years)
Time, dt: 3.170E+09  1.000E+07  (years)
Time, dt: 3.180E+09  1.000E+07  (years)
Time, dt: 3.190E+09  1.000E+07  (years)
Time, dt: 3.200E+09  1.000E+07  (years)
Time, dt: 3.210E+09  1.000E+07  (years)
Time, dt: 3.220E+09  1.000E+07  (years)
Time, dt: 3.230E+09  1.000E+07  (years)
Time, dt: 3.240E+09  1.000E+07  (years)
Time, dt: 3.250E+09  1.000E+07  (years)
Time, dt: 3.260E+09  1.000E+07  (years)
Time, dt: 3.270E+09  1.000E+07  (years)
Time, dt: 3.280E+09  1.000E+07  (years)
Time, dt: 3.290E+09  1.000E+07  (years)
Time, dt: 3.300E+09  1.000E+07  (years)
Time, dt: 3.310E+09  1.000E+07  (years)
Time, dt: 3.320E+09  1.000E+07  (years)
Time, dt: 3.330E+09  1.000E+07  (years)
Time, dt: 3.340E+09  1.000E+07  (years)
Time, dt: 3.350E+09  1.000E+07  (years)
Time, dt: 3.360E+09  1.000E+07  (years)
Time, dt: 3.370E+09  1.000E+07  (years)
Time, dt: 3.380E+09  1.000E+07  (years)
Time, dt: 3.390E+09  1.000E+07  (years)
Time, dt: 3.400E+09  1.000E+07  (years)
Time, dt: 3.410E+09  1.000E+07  (years)
Time, dt: 3.420E+09  1.000E+07  (years)
Time, dt: 3.430E+09  1.000E+07  (years)
Time, dt: 3.440E+09  1.000E+07  (years)
Time, dt: 3.450E+09  1.000E+07  (years)
Time, dt: 3.460E+09  1.000E+07  (years)
Time, dt: 3.470E+09  1.000E+07  (years)
Time, dt: 3.480E+09  1.000E+07  (years)
Time, dt: 3.490E+09  1.000E+07  (years)
Time, dt: 3.500E+09  1.000E+07  (years)
Time, dt: 3.510E+09  1.000E+07  (years)
Time, dt: 3.520E+09  1.000E+07  (years)
Time, dt: 3.530E+09  1.000E+07  (years)
Time, dt: 3.540E+09  1.000E+07  (years)
Time, dt: 3.550E+09  1.000E+07  (years)
Time, dt: 3.560E+09  1.000E+07  (years)
Time, dt: 3.570E+09  1.000E+07  (years)
Time, dt: 3.580E+09  1.000E+07  (years)
Time, dt: 3.590E+09  1.000E+07  (years)
Time, dt: 3.600E+09  1.000E+07  (years)
Time, dt: 3.610E+09  1.000E+07  (years)
Time, dt: 3.620E+09  1.000E+07  (years)
Time, dt: 3.630E+09  1.000E+07  (years)
Time, dt: 3.640E+09  1.000E+07  (years)
Time, dt: 3.650E+09  1.000E+07  (years)
Time, dt: 3.660E+09  1.000E+07  (years)
Time, dt: 3.670E+09  1.000E+07  (years)
Time, dt: 3.680E+09  1.000E+07  (years)
Time, dt: 3.690E+09  1.000E+07  (years)
Time, dt: 3.700E+09  1.000E+07  (years)
Time, dt: 3.710E+09  1.000E+07  (years)
Time, dt: 3.720E+09  1.000E+07  (years)
Time, dt: 3.730E+09  1.000E+07  (years)
Time, dt: 3.740E+09  1.000E+07  (years)
Time, dt: 3.750E+09  1.000E+07  (years)
Time, dt: 3.760E+09  1.000E+07  (years)
Time, dt: 3.770E+09  1.000E+07  (years)
Time, dt: 3.780E+09  1.000E+07  (years)
Time, dt: 3.790E+09  1.000E+07  (years)
Time, dt: 3.800E+09  1.000E+07  (years)
Time, dt: 3.810E+09  1.000E+07  (years)
Time, dt: 3.820E+09  1.000E+07  (years)
Time, dt: 3.830E+09  1.000E+07  (years)
Time, dt: 3.840E+09  1.000E+07  (years)
Time, dt: 3.850E+09  1.000E+07  (years)
Time, dt: 3.860E+09  1.000E+07  (years)
Time, dt: 3.870E+09  1.000E+07  (years)
Time, dt: 3.880E+09  1.000E+07  (years)
Time, dt: 3.890E+09  1.000E+07  (years)
Time, dt: 3.900E+09  1.000E+07  (years)
Time, dt: 3.910E+09  1.000E+07  (years)
Time, dt: 3.920E+09  1.000E+07  (years)
Time, dt: 3.930E+09  1.000E+07  (years)
Time, dt: 3.940E+09  1.000E+07  (years)
Time, dt: 3.950E+09  1.000E+07  (years)
Time, dt: 3.960E+09  1.000E+07  (years)
Time, dt: 3.970E+09  1.000E+07  (years)
Time, dt: 3.980E+09  1.000E+07  (years)
Time, dt: 3.990E+09  1.000E+07  (years)
Time, dt: 4.000E+09  1.000E+07  (years)
Time, dt: 4.010E+09  1.000E+07  (years)
Time, dt: 4.020E+09  1.000E+07  (years)
Time, dt: 4.030E+09  1.000E+07  (years)
Time, dt: 4.040E+09  1.000E+07  (years)
Time, dt: 4.050E+09  1.000E+07  (years)
Time, dt: 4.060E+09  1.000E+07  (years)
Time, dt: 4.070E+09  1.000E+07  (years)
Time, dt: 4.080E+09  1.000E+07  (years)
Time, dt: 4.090E+09  1.000E+07  (years)
Time, dt: 4.100E+09  1.000E+07  (years)
Time, dt: 4.110E+09  1.000E+07  (years)
Time, dt: 4.120E+09  1.000E+07  (years)
Time, dt: 4.130E+09  1.000E+07  (years)
Time, dt: 4.140E+09  1.000E+07  (years)
Time, dt: 4.150E+09  1.000E+07  (years)
Time, dt: 4.160E+09  1.000E+07  (years)
Time, dt: 4.170E+09  1.000E+07  (years)
Time, dt: 4.180E+09  1.000E+07  (years)
Time, dt: 4.190E+09  1.000E+07  (years)
Time, dt: 4.200E+09  1.000E+07  (years)
Time, dt: 4.210E+09  1.000E+07  (years)
Time, dt: 4.220E+09  1.000E+07  (years)
Time, dt: 4.230E+09  1.000E+07  (years)
Time, dt: 4.240E+09  1.000E+07  (years)
Time, dt: 4.250E+09  1.000E+07  (years)
Time, dt: 4.260E+09  1.000E+07  (years)
Time, dt: 4.270E+09  1.000E+07  (years)
Time, dt: 4.280E+09  1.000E+07  (years)
Time, dt: 4.290E+09  1.000E+07  (years)
Time, dt: 4.300E+09  1.000E+07  (years)
Time, dt: 4.310E+09  1.000E+07  (years)
Time, dt: 4.320E+09  1.000E+07  (years)
Time, dt: 4.330E+09  1.000E+07  (years)
Time, dt: 4.340E+09  1.000E+07  (years)
Time, dt: 4.350E+09  1.000E+07  (years)
Time, dt: 4.360E+09  1.000E+07  (years)
Time, dt: 4.370E+09  1.000E+07  (years)
Time, dt: 4.380E+09  1.000E+07  (years)
Time, dt: 4.390E+09  1.000E+07  (years)
Time, dt: 4.400E+09  1.000E+07  (years)
Time, dt: 4.410E+09  1.000E+07  (years)
Time, dt: 4.420E+09  1.000E+07  (years)
Time, dt: 4.430E+09  1.000E+07  (years)
Time, dt: 4.440E+09  1.000E+07  (years)
Time, dt: 4.450E+09  1.000E+07  (years)
Time, dt: 4.460E+09  1.000E+07  (years)
Time, dt: 4.470E+09  1.000E+07  (years)
Time, dt: 4.480E+09  1.000E+07  (years)
Time, dt: 4.490E+09  1.000E+07  (years)
Time, dt: 4.500E+09  1.000E+07  (years)
Time, dt: 4.510E+09  1.000E+07  (years)
Time, dt: 4.520E+09  1.000E+07  (years)
Time, dt: 4.530E+09  1.000E+07  (years)
Time, dt: 4.540E+09  1.000E+07  (years)
Time, dt: 4.550E+09  1.000E+07  (years)
Time, dt: 4.560E+09  1.000E+07  (years)
Time, dt: 4.570E+09  1.000E+07  (years)
Time, dt: 4.580E+09  1.000E+07  (years)
Time, dt: 4.590E+09  1.000E+07  (years)
Time, dt: 4.600E+09  1.000E+07  (years)
Time, dt: 4.610E+09  1.000E+07  (years)
Time, dt: 4.620E+09  1.000E+07  (years)
Time, dt: 4.630E+09  1.000E+07  (years)
Time, dt: 4.640E+09  1.000E+07  (years)
Time, dt: 4.650E+09  1.000E+07  (years)
Time, dt: 4.660E+09  1.000E+07  (years)
Time, dt: 4.670E+09  1.000E+07  (years)
Time, dt: 4.680E+09  1.000E+07  (years)
Time, dt: 4.690E+09  1.000E+07  (years)
Time, dt: 4.700E+09  1.000E+07  (years)
Time, dt: 4.710E+09  1.000E+07  (years)
Time, dt: 4.720E+09  1.000E+07  (years)
Time, dt: 4.730E+09  1.000E+07  (years)
Time, dt: 4.740E+09  1.000E+07  (years)
Time, dt: 4.750E+09  1.000E+07  (years)
Time, dt: 4.760E+09  1.000E+07  (years)
Time, dt: 4.770E+09  1.000E+07  (years)
Time, dt: 4.780E+09  1.000E+07  (years)
Time, dt: 4.790E+09  1.000E+07  (years)
Time, dt: 4.800E+09  1.000E+07  (years)
Time, dt: 4.810E+09  1.000E+07  (years)
Time, dt: 4.820E+09  1.000E+07  (years)
Time, dt: 4.830E+09  1.000E+07  (years)
Time, dt: 4.840E+09  1.000E+07  (years)
Time, dt: 4.850E+09  1.000E+07  (years)
Time, dt: 4.860E+09  1.000E+07  (years)
Time, dt: 4.870E+09  1.000E+07  (years)
Time, dt: 4.880E+09  1.000E+07  (years)
Time, dt: 4.890E+09  1.000E+07  (years)
Time, dt: 4.900E+09  1.000E+07  (years)
Time, dt: 4.910E+09  1.000E+07  (years)
Time, dt: 4.920E+09  1.000E+07  (years)
Time, dt: 4.930E+09  1.000E+07  (years)
Time, dt: 4.940E+09  1.000E+07  (years)
Time, dt: 4.950E+09  1.000E+07  (years)
Time, dt: 4.960E+09  1.000E+07  (years)
Time, dt: 4.970E+09  1.000E+07  (years)
Time, dt: 4.980E+09  1.000E+07  (years)
Time, dt: 4.990E+09  1.000E+07  (years)
Time, dt: 5.000E+09  1.000E+07  (years)
Time, dt: 5.010E+09  1.000E+07  (years)
Time, dt: 5.020E+09  1.000E+07  (years)
Time, dt: 5.030E+09  1.000E+07  (years)
Time, dt: 5.040E+09  1.000E+07  (years)
Time, dt: 5.050E+09  1.000E+07  (years)
Time, dt: 5.060E+09  1.000E+07  (years)
Time, dt: 5.070E+09  1.000E+07  (years)
Time, dt: 5.080E+09  1.000E+07  (years)
Time, dt: 5.090E+09  1.000E+07  (years)
Time, dt: 5.100E+09  1.000E+07  (years)
Time, dt: 5.110E+09  1.000E+07  (years)
Time, dt: 5.120E+09  1.000E+07  (years)
Time, dt: 5.130E+09  1.000E+07  (years)
Time, dt: 5.140E+09  1.000E+07  (years)
Time, dt: 5.150E+09  1.000E+07  (years)
Time, dt: 5.160E+09  1.000E+07  (years)
Time, dt: 5.170E+09  1.000E+07  (years)
Time, dt: 5.180E+09  1.000E+07  (years)
Time, dt: 5.190E+09  1.000E+07  (years)
Time, dt: 5.200E+09  1.000E+07  (years)
Time, dt: 5.210E+09  1.000E+07  (years)
Time, dt: 5.220E+09  1.000E+07  (years)
Time, dt: 5.230E+09  1.000E+07  (years)
Time, dt: 5.240E+09  1.000E+07  (years)
Time, dt: 5.250E+09  1.000E+07  (years)
Time, dt: 5.260E+09  1.000E+07  (years)
Time, dt: 5.270E+09  1.000E+07  (years)
Time, dt: 5.280E+09  1.000E+07  (years)
Time, dt: 5.290E+09  1.000E+07  (years)
Time, dt: 5.300E+09  1.000E+07  (years)
Time, dt: 5.310E+09  1.000E+07  (years)
Time, dt: 5.320E+09  1.000E+07  (years)
Time, dt: 5.330E+09  1.000E+07  (years)
Time, dt: 5.340E+09  1.000E+07  (years)
Time, dt: 5.350E+09  1.000E+07  (years)
Time, dt: 5.360E+09  1.000E+07  (years)
Time, dt: 5.370E+09  1.000E+07  (years)
Time, dt: 5.380E+09  1.000E+07  (years)
Time, dt: 5.390E+09  1.000E+07  (years)
Time, dt: 5.400E+09  1.000E+07  (years)
Time, dt: 5.410E+09  1.000E+07  (years)
Time, dt: 5.420E+09  1.000E+07  (years)
Time, dt: 5.430E+09  1.000E+07  (years)
Time, dt: 5.440E+09  1.000E+07  (years)
Time, dt: 5.450E+09  1.000E+07  (years)
Time, dt: 5.460E+09  1.000E+07  (years)
Time, dt: 5.470E+09  1.000E+07  (years)
Time, dt: 5.480E+09  1.000E+07  (years)
Time, dt: 5.490E+09  1.000E+07  (years)
Time, dt: 5.500E+09  1.000E+07  (years)
Time, dt: 5.510E+09  1.000E+07  (years)
Time, dt: 5.520E+09  1.000E+07  (years)
Time, dt: 5.530E+09  1.000E+07  (years)
Time, dt: 5.540E+09  1.000E+07  (years)
Time, dt: 5.550E+09  1.000E+07  (years)
Time, dt: 5.560E+09  1.000E+07  (years)
Time, dt: 5.570E+09  1.000E+07  (years)
Time, dt: 5.580E+09  1.000E+07  (years)
Time, dt: 5.590E+09  1.000E+07  (years)
Time, dt: 5.600E+09  1.000E+07  (years)
Time, dt: 5.610E+09  1.000E+07  (years)
Time, dt: 5.620E+09  1.000E+07  (years)
Time, dt: 5.630E+09  1.000E+07  (years)
Time, dt: 5.640E+09  1.000E+07  (years)
Time, dt: 5.650E+09  1.000E+07  (years)
Time, dt: 5.660E+09  1.000E+07  (years)
Time, dt: 5.670E+09  1.000E+07  (years)
Time, dt: 5.680E+09  1.000E+07  (years)
Time, dt: 5.690E+09  1.000E+07  (years)
Time, dt: 5.700E+09  1.000E+07  (years)
Time, dt: 5.710E+09  1.000E+07  (years)
Time, dt: 5.720E+09  1.000E+07  (years)
Time, dt: 5.730E+09  1.000E+07  (years)
Time, dt: 5.740E+09  1.000E+07  (years)
Time, dt: 5.750E+09  1.000E+07  (years)
Time, dt: 5.760E+09  1.000E+07  (years)
Time, dt: 5.770E+09  1.000E+07  (years)
Time, dt: 5.780E+09  1.000E+07  (years)
Time, dt: 5.790E+09  1.000E+07  (years)
Time, dt: 5.800E+09  1.000E+07  (years)
Time, dt: 5.810E+09  1.000E+07  (years)
Time, dt: 5.820E+09  1.000E+07  (years)
Time, dt: 5.830E+09  1.000E+07  (years)
Time, dt: 5.840E+09  1.000E+07  (years)
Time, dt: 5.850E+09  1.000E+07  (years)
Time, dt: 5.860E+09  1.000E+07  (years)
Time, dt: 5.870E+09  1.000E+07  (years)
Time, dt: 5.880E+09  1.000E+07  (years)
Time, dt: 5.890E+09  1.000E+07  (years)
Time, dt: 5.900E+09  1.000E+07  (years)
Time, dt: 5.910E+09  1.000E+07  (years)
Time, dt: 5.920E+09  1.000E+07  (years)
Time, dt: 5.930E+09  1.000E+07  (years)
Time, dt: 5.940E+09  1.000E+07  (years)
Time, dt: 5.950E+09  1.000E+07  (years)
Time, dt: 5.960E+09  1.000E+07  (years)
Time, dt: 5.970E+09  1.000E+07  (years)
Time, dt: 5.980E+09  1.000E+07  (years)
Time, dt: 5.990E+09  1.000E+07  (years)
Time, dt: 6.000E+09  1.000E+07  (years)
Time, dt: 6.010E+09  1.000E+07  (years)
Time, dt: 6.020E+09  1.000E+07  (years)
Time, dt: 6.030E+09  1.000E+07  (years)
Time, dt: 6.040E+09  1.000E+07  (years)
Time, dt: 6.050E+09  1.000E+07  (years)
Time, dt: 6.060E+09  1.000E+07  (years)
Time, dt: 6.070E+09  1.000E+07  (years)
Time, dt: 6.080E+09  1.000E+07  (years)
Time, dt: 6.090E+09  1.000E+07  (years)
Time, dt: 6.100E+09  1.000E+07  (years)
Time, dt: 6.110E+09  1.000E+07  (years)
Time, dt: 6.120E+09  1.000E+07  (years)
Time, dt: 6.130E+09  1.000E+07  (years)
Time, dt: 6.140E+09  1.000E+07  (years)
Time, dt: 6.150E+09  1.000E+07  (years)
Time, dt: 6.160E+09  1.000E+07  (years)
Time, dt: 6.170E+09  1.000E+07  (years)
Time, dt: 6.180E+09  1.000E+07  (years)
Time, dt: 6.190E+09  1.000E+07  (years)
Time, dt: 6.200E+09  1.000E+07  (years)
Time, dt: 6.210E+09  1.000E+07  (years)
Time, dt: 6.220E+09  1.000E+07  (years)
Time, dt: 6.230E+09  1.000E+07  (years)
Time, dt: 6.240E+09  1.000E+07  (years)
Time, dt: 6.250E+09  1.000E+07  (years)
Time, dt: 6.260E+09  1.000E+07  (years)
Time, dt: 6.270E+09  1.000E+07  (years)
Time, dt: 6.280E+09  1.000E+07  (years)
Time, dt: 6.290E+09  1.000E+07  (years)
Time, dt: 6.300E+09  1.000E+07  (years)
Time, dt: 6.310E+09  1.000E+07  (years)
Time, dt: 6.320E+09  1.000E+07  (years)
Time, dt: 6.330E+09  1.000E+07  (years)
Time, dt: 6.340E+09  1.000E+07  (years)
Time, dt: 6.350E+09  1.000E+07  (years)
Time, dt: 6.360E+09  1.000E+07  (years)
Time, dt: 6.370E+09  1.000E+07  (years)
Time, dt: 6.380E+09  1.000E+07  (years)
Time, dt: 6.390E+09  1.000E+07  (years)
Time, dt: 6.400E+09  1.000E+07  (years)
Time, dt: 6.410E+09  1.000E+07  (years)
Time, dt: 6.420E+09  1.000E+07  (years)
Time, dt: 6.430E+09  1.000E+07  (years)
Time, dt: 6.440E+09  1.000E+07  (years)
Time, dt: 6.450E+09  1.000E+07  (years)
Time, dt: 6.460E+09  1.000E+07  (years)
Time, dt: 6.470E+09  1.000E+07  (years)
Time, dt: 6.480E+09  1.000E+07  (years)
Time, dt: 6.490E+09  1.000E+07  (years)
Time, dt: 6.500E+09  1.000E+07  (years)
Time, dt: 6.510E+09  1.000E+07  (years)
Time, dt: 6.520E+09  1.000E+07  (years)
Time, dt: 6.530E+09  1.000E+07  (years)
Time, dt: 6.540E+09  1.000E+07  (years)
Time, dt: 6.550E+09  1.000E+07  (years)
Time, dt: 6.560E+09  1.000E+07  (years)
Time, dt: 6.570E+09  1.000E+07  (years)
Time, dt: 6.580E+09  1.000E+07  (years)
Time, dt: 6.590E+09  1.000E+07  (years)
Time, dt: 6.600E+09  1.000E+07  (years)
Time, dt: 6.610E+09  1.000E+07  (years)
Time, dt: 6.620E+09  1.000E+07  (years)
Time, dt: 6.630E+09  1.000E+07  (years)
Time, dt: 6.640E+09  1.000E+07  (years)
Time, dt: 6.650E+09  1.000E+07  (years)
Time, dt: 6.660E+09  1.000E+07  (years)
Time, dt: 6.670E+09  1.000E+07  (years)
Time, dt: 6.680E+09  1.000E+07  (years)
Time, dt: 6.690E+09  1.000E+07  (years)
Time, dt: 6.700E+09  1.000E+07  (years)
Time, dt: 6.710E+09  1.000E+07  (years)
Time, dt: 6.720E+09  1.000E+07  (years)
Time, dt: 6.730E+09  1.000E+07  (years)
Time, dt: 6.740E+09  1.000E+07  (years)
Time, dt: 6.750E+09  1.000E+07  (years)
Time, dt: 6.760E+09  1.000E+07  (years)
Time, dt: 6.770E+09  1.000E+07  (years)
Time, dt: 6.780E+09  1.000E+07  (years)
Time, dt: 6.790E+09  1.000E+07  (years)
Time, dt: 6.800E+09  1.000E+07  (years)
Time, dt: 6.810E+09  1.000E+07  (years)
Time, dt: 6.820E+09  1.000E+07  (years)
Time, dt: 6.830E+09  1.000E+07  (years)
Time, dt: 6.840E+09  1.000E+07  (years)
Time, dt: 6.850E+09  1.000E+07  (years)
Time, dt: 6.860E+09  1.000E+07  (years)
Time, dt: 6.870E+09  1.000E+07  (years)
Time, dt: 6.880E+09  1.000E+07  (years)
Time, dt: 6.890E+09  1.000E+07  (years)
Time, dt: 6.900E+09  1.000E+07  (years)
Time, dt: 6.910E+09  1.000E+07  (years)
Time, dt: 6.920E+09  1.000E+07  (years)
Time, dt: 6.930E+09  1.000E+07  (years)
Time, dt: 6.940E+09  1.000E+07  (years)
Time, dt: 6.950E+09  1.000E+07  (years)
Time, dt: 6.960E+09  1.000E+07  (years)
Time, dt: 6.970E+09  1.000E+07  (years)
Time, dt: 6.980E+09  1.000E+07  (years)
Time, dt: 6.990E+09  1.000E+07  (years)
Time, dt: 7.000E+09  1.000E+07  (years)
Time, dt: 7.010E+09  1.000E+07  (years)
Time, dt: 7.020E+09  1.000E+07  (years)
Time, dt: 7.030E+09  1.000E+07  (years)
Time, dt: 7.040E+09  1.000E+07  (years)
Time, dt: 7.050E+09  1.000E+07  (years)
Time, dt: 7.060E+09  1.000E+07  (years)
Time, dt: 7.070E+09  1.000E+07  (years)
Time, dt: 7.080E+09  1.000E+07  (years)
Time, dt: 7.090E+09  1.000E+07  (years)
Time, dt: 7.100E+09  1.000E+07  (years)
Time, dt: 7.110E+09  1.000E+07  (years)
Time, dt: 7.120E+09  1.000E+07  (years)
Time, dt: 7.130E+09  1.000E+07  (years)
Time, dt: 7.140E+09  1.000E+07  (years)
Time, dt: 7.150E+09  1.000E+07  (years)
Time, dt: 7.160E+09  1.000E+07  (years)
Time, dt: 7.170E+09  1.000E+07  (years)
Time, dt: 7.180E+09  1.000E+07  (years)
Time, dt: 7.190E+09  1.000E+07  (years)
Time, dt: 7.200E+09  1.000E+07  (years)
Time, dt: 7.210E+09  1.000E+07  (years)
Time, dt: 7.220E+09  1.000E+07  (years)
Time, dt: 7.230E+09  1.000E+07  (years)
Time, dt: 7.240E+09  1.000E+07  (years)
Time, dt: 7.250E+09  1.000E+07  (years)
Time, dt: 7.260E+09  1.000E+07  (years)
Time, dt: 7.270E+09  1.000E+07  (years)
Time, dt: 7.280E+09  1.000E+07  (years)
Time, dt: 7.290E+09  1.000E+07  (years)
Time, dt: 7.300E+09  1.000E+07  (years)
Time, dt: 7.310E+09  1.000E+07  (years)
Time, dt: 7.320E+09  1.000E+07  (years)
Time, dt: 7.330E+09  1.000E+07  (years)
Time, dt: 7.340E+09  1.000E+07  (years)
Time, dt: 7.350E+09  1.000E+07  (years)
Time, dt: 7.360E+09  1.000E+07  (years)
Time, dt: 7.370E+09  1.000E+07  (years)
Time, dt: 7.380E+09  1.000E+07  (years)
Time, dt: 7.390E+09  1.000E+07  (years)
Time, dt: 7.400E+09  1.000E+07  (years)
Time, dt: 7.410E+09  1.000E+07  (years)
Time, dt: 7.420E+09  1.000E+07  (years)
Time, dt: 7.430E+09  1.000E+07  (years)
Time, dt: 7.440E+09  1.000E+07  (years)
Time, dt: 7.450E+09  1.000E+07  (years)
Time, dt: 7.460E+09  1.000E+07  (years)
Time, dt: 7.470E+09  1.000E+07  (years)
Time, dt: 7.480E+09  1.000E+07  (years)
Time, dt: 7.490E+09  1.000E+07  (years)
Time, dt: 7.500E+09  1.000E+07  (years)
Time, dt: 7.510E+09  1.000E+07  (years)
Time, dt: 7.520E+09  1.000E+07  (years)
Time, dt: 7.530E+09  1.000E+07  (years)
Time, dt: 7.540E+09  1.000E+07  (years)
Time, dt: 7.550E+09  1.000E+07  (years)
Time, dt: 7.560E+09  1.000E+07  (years)
Time, dt: 7.570E+09  1.000E+07  (years)
Time, dt: 7.580E+09  1.000E+07  (years)
Time, dt: 7.590E+09  1.000E+07  (years)
Time, dt: 7.600E+09  1.000E+07  (years)
Time, dt: 7.610E+09  1.000E+07  (years)
Time, dt: 7.620E+09  1.000E+07  (years)
Time, dt: 7.630E+09  1.000E+07  (years)
Time, dt: 7.640E+09  1.000E+07  (years)
Time, dt: 7.650E+09  1.000E+07  (years)
Time, dt: 7.660E+09  1.000E+07  (years)
Time, dt: 7.670E+09  1.000E+07  (years)
Time, dt: 7.680E+09  1.000E+07  (years)
Time, dt: 7.690E+09  1.000E+07  (years)
Time, dt: 7.700E+09  1.000E+07  (years)
Time, dt: 7.710E+09  1.000E+07  (years)
Time, dt: 7.720E+09  1.000E+07  (years)
Time, dt: 7.730E+09  1.000E+07  (years)
Time, dt: 7.740E+09  1.000E+07  (years)
Time, dt: 7.750E+09  1.000E+07  (years)
Time, dt: 7.760E+09  1.000E+07  (years)
Time, dt: 7.770E+09  1.000E+07  (years)
Time, dt: 7.780E+09  1.000E+07  (years)
Time, dt: 7.790E+09  1.000E+07  (years)
Time, dt: 7.800E+09  1.000E+07  (years)
Time, dt: 7.810E+09  1.000E+07  (years)
Time, dt: 7.820E+09  1.000E+07  (years)
Time, dt: 7.830E+09  1.000E+07  (years)
Time, dt: 7.840E+09  1.000E+07  (years)
Time, dt: 7.850E+09  1.000E+07  (years)
Time, dt: 7.860E+09  1.000E+07  (years)
Time, dt: 7.870E+09  1.000E+07  (years)
Time, dt: 7.880E+09  1.000E+07  (years)
Time, dt: 7.890E+09  1.000E+07  (years)
Time, dt: 7.900E+09  1.000E+07  (years)
Time, dt: 7.910E+09  1.000E+07  (years)
Time, dt: 7.920E+09  1.000E+07  (years)
Time, dt: 7.930E+09  1.000E+07  (years)
Time, dt: 7.940E+09  1.000E+07  (years)
Time, dt: 7.950E+09  1.000E+07  (years)
Time, dt: 7.960E+09  1.000E+07  (years)
Time, dt: 7.970E+09  1.000E+07  (years)
Time, dt: 7.980E+09  1.000E+07  (years)
Time, dt: 7.990E+09  1.000E+07  (years)
Time, dt: 8.000E+09  1.000E+07  (years)
Time, dt: 8.010E+09  1.000E+07  (years)
Time, dt: 8.020E+09  1.000E+07  (years)
Time, dt: 8.030E+09  1.000E+07  (years)
Time, dt: 8.040E+09  1.000E+07  (years)
Time, dt: 8.050E+09  1.000E+07  (years)
Time, dt: 8.060E+09  1.000E+07  (years)
Time, dt: 8.070E+09  1.000E+07  (years)
Time, dt: 8.080E+09  1.000E+07  (years)
Time, dt: 8.090E+09  1.000E+07  (years)
Time, dt: 8.100E+09  1.000E+07  (years)
Time, dt: 8.110E+09  1.000E+07  (years)
Time, dt: 8.120E+09  1.000E+07  (years)
Time, dt: 8.130E+09  1.000E+07  (years)
Time, dt: 8.140E+09  1.000E+07  (years)
Time, dt: 8.150E+09  1.000E+07  (years)
Time, dt: 8.160E+09  1.000E+07  (years)
Time, dt: 8.170E+09  1.000E+07  (years)
Time, dt: 8.180E+09  1.000E+07  (years)
Time, dt: 8.190E+09  1.000E+07  (years)
Time, dt: 8.200E+09  1.000E+07  (years)
Time, dt: 8.210E+09  1.000E+07  (years)
Time, dt: 8.220E+09  1.000E+07  (years)
Time, dt: 8.230E+09  1.000E+07  (years)
Time, dt: 8.240E+09  1.000E+07  (years)
Time, dt: 8.250E+09  1.000E+07  (years)
Time, dt: 8.260E+09  1.000E+07  (years)
Time, dt: 8.270E+09  1.000E+07  (years)
Time, dt: 8.280E+09  1.000E+07  (years)
Time, dt: 8.290E+09  1.000E+07  (years)
Time, dt: 8.300E+09  1.000E+07  (years)
Time, dt: 8.310E+09  1.000E+07  (years)
Time, dt: 8.320E+09  1.000E+07  (years)
Time, dt: 8.330E+09  1.000E+07  (years)
Time, dt: 8.340E+09  1.000E+07  (years)
Time, dt: 8.350E+09  1.000E+07  (years)
Time, dt: 8.360E+09  1.000E+07  (years)
Time, dt: 8.370E+09  1.000E+07  (years)
Time, dt: 8.380E+09  1.000E+07  (years)
Time, dt: 8.390E+09  1.000E+07  (years)
Time, dt: 8.400E+09  1.000E+07  (years)
Time, dt: 8.410E+09  1.000E+07  (years)
Time, dt: 8.420E+09  1.000E+07  (years)
Time, dt: 8.430E+09  1.000E+07  (years)
Time, dt: 8.440E+09  1.000E+07  (years)
Time, dt: 8.450E+09  1.000E+07  (years)
Time, dt: 8.460E+09  1.000E+07  (years)
Time, dt: 8.470E+09  1.000E+07  (years)
Time, dt: 8.480E+09  1.000E+07  (years)
Time, dt: 8.490E+09  1.000E+07  (years)
Time, dt: 8.500E+09  1.000E+07  (years)
Time, dt: 8.510E+09  1.000E+07  (years)
Time, dt: 8.520E+09  1.000E+07  (years)
Time, dt: 8.530E+09  1.000E+07  (years)
Time, dt: 8.540E+09  1.000E+07  (years)
Time, dt: 8.550E+09  1.000E+07  (years)
Time, dt: 8.560E+09  1.000E+07  (years)
Time, dt: 8.570E+09  1.000E+07  (years)
Time, dt: 8.580E+09  1.000E+07  (years)
Time, dt: 8.590E+09  1.000E+07  (years)
Time, dt: 8.600E+09  1.000E+07  (years)
Time, dt: 8.610E+09  1.000E+07  (years)
Time, dt: 8.620E+09  1.000E+07  (years)
Time, dt: 8.630E+09  1.000E+07  (years)
Time, dt: 8.640E+09  1.000E+07  (years)
Time, dt: 8.650E+09  1.000E+07  (years)
Time, dt: 8.660E+09  1.000E+07  (years)
Time, dt: 8.670E+09  1.000E+07  (years)
Time, dt: 8.680E+09  1.000E+07  (years)
Time, dt: 8.690E+09  1.000E+07  (years)
Time, dt: 8.700E+09  1.000E+07  (years)
Time, dt: 8.710E+09  1.000E+07  (years)
Time, dt: 8.720E+09  1.000E+07  (years)
Time, dt: 8.730E+09  1.000E+07  (years)
Time, dt: 8.740E+09  1.000E+07  (years)
Time, dt: 8.750E+09  1.000E+07  (years)
Time, dt: 8.760E+09  1.000E+07  (years)
Time, dt: 8.770E+09  1.000E+07  (years)
Time, dt: 8.780E+09  1.000E+07  (years)
Time, dt: 8.790E+09  1.000E+07  (years)
Time, dt: 8.800E+09  1.000E+07  (years)
Time, dt: 8.810E+09  1.000E+07  (years)
Time, dt: 8.820E+09  1.000E+07  (years)
Time, dt: 8.830E+09  1.000E+07  (years)
Time, dt: 8.840E+09  1.000E+07  (years)
Time, dt: 8.850E+09  1.000E+07  (years)
Time, dt: 8.860E+09  1.000E+07  (years)
Time, dt: 8.870E+09  1.000E+07  (years)
Time, dt: 8.880E+09  1.000E+07  (years)
Time, dt: 8.890E+09  1.000E+07  (years)
Time, dt: 8.900E+09  1.000E+07  (years)
Time, dt: 8.910E+09  1.000E+07  (years)
Time, dt: 8.920E+09  1.000E+07  (years)
Time, dt: 8.930E+09  1.000E+07  (years)
Time, dt: 8.940E+09  1.000E+07  (years)
Time, dt: 8.950E+09  1.000E+07  (years)
Time, dt: 8.960E+09  1.000E+07  (years)
Time, dt: 8.970E+09  1.000E+07  (years)
Time, dt: 8.980E+09  1.000E+07  (years)
Time, dt: 8.990E+09  1.000E+07  (years)
Time, dt: 9.000E+09  1.000E+07  (years)
Time, dt: 9.010E+09  1.000E+07  (years)
Time, dt: 9.020E+09  1.000E+07  (years)
Time, dt: 9.030E+09  1.000E+07  (years)
Time, dt: 9.040E+09  1.000E+07  (years)
Time, dt: 9.050E+09  1.000E+07  (years)
Time, dt: 9.060E+09  1.000E+07  (years)
Time, dt: 9.070E+09  1.000E+07  (years)
Time, dt: 9.080E+09  1.000E+07  (years)
Time, dt: 9.090E+09  1.000E+07  (years)
Time, dt: 9.100E+09  1.000E+07  (years)
Time, dt: 9.110E+09  1.000E+07  (years)
Time, dt: 9.120E+09  1.000E+07  (years)
Time, dt: 9.130E+09  1.000E+07  (years)
Time, dt: 9.140E+09  1.000E+07  (years)
Time, dt: 9.150E+09  1.000E+07  (years)
Time, dt: 9.160E+09  1.000E+07  (years)
Time, dt: 9.170E+09  1.000E+07  (years)
Time, dt: 9.180E+09  1.000E+07  (years)
Time, dt: 9.190E+09  1.000E+07  (years)
Time, dt: 9.200E+09  1.000E+07  (years)
Time, dt: 9.210E+09  1.000E+07  (years)
Time, dt: 9.220E+09  1.000E+07  (years)
Time, dt: 9.230E+09  1.000E+07  (years)
Time, dt: 9.240E+09  1.000E+07  (years)
Time, dt: 9.250E+09  1.000E+07  (years)
Time, dt: 9.260E+09  1.000E+07  (years)
Time, dt: 9.270E+09  1.000E+07  (years)
Time, dt: 9.280E+09  1.000E+07  (years)
Time, dt: 9.290E+09  1.000E+07  (years)
Time, dt: 9.300E+09  1.000E+07  (years)
Time, dt: 9.310E+09  1.000E+07  (years)
Time, dt: 9.320E+09  1.000E+07  (years)
Time, dt: 9.330E+09  1.000E+07  (years)
Time, dt: 9.340E+09  1.000E+07  (years)
Time, dt: 9.350E+09  1.000E+07  (years)
Time, dt: 9.360E+09  1.000E+07  (years)
Time, dt: 9.370E+09  1.000E+07  (years)
Time, dt: 9.380E+09  1.000E+07  (years)
Time, dt: 9.390E+09  1.000E+07  (years)
Time, dt: 9.400E+09  1.000E+07  (years)
Time, dt: 9.410E+09  1.000E+07  (years)
Time, dt: 9.420E+09  1.000E+07  (years)
Time, dt: 9.430E+09  1.000E+07  (years)
Time, dt: 9.440E+09  1.000E+07  (years)
Time, dt: 9.450E+09  1.000E+07  (years)
Time, dt: 9.460E+09  1.000E+07  (years)
Time, dt: 9.470E+09  1.000E+07  (years)
Time, dt: 9.480E+09  1.000E+07  (years)
Time, dt: 9.490E+09  1.000E+07  (years)
Time, dt: 9.500E+09  1.000E+07  (years)
Time, dt: 9.510E+09  1.000E+07  (years)
Time, dt: 9.520E+09  1.000E+07  (years)
Time, dt: 9.530E+09  1.000E+07  (years)
Time, dt: 9.540E+09  1.000E+07  (years)
Time, dt: 9.550E+09  1.000E+07  (years)
Time, dt: 9.560E+09  1.000E+07  (years)
Time, dt: 9.570E+09  1.000E+07  (years)
Time, dt: 9.580E+09  1.000E+07  (years)
Time, dt: 9.590E+09  1.000E+07  (years)
Time, dt: 9.600E+09  1.000E+07  (years)
Time, dt: 9.610E+09  1.000E+07  (years)
Time, dt: 9.620E+09  1.000E+07  (years)
Time, dt: 9.630E+09  1.000E+07  (years)
Time, dt: 9.640E+09  1.000E+07  (years)
Time, dt: 9.650E+09  1.000E+07  (years)
Time, dt: 9.660E+09  1.000E+07  (years)
Time, dt: 9.670E+09  1.000E+07  (years)
Time, dt: 9.680E+09  1.000E+07  (years)
Time, dt: 9.690E+09  1.000E+07  (years)
Time, dt: 9.700E+09  1.000E+07  (years)
Time, dt: 9.710E+09  1.000E+07  (years)
Time, dt: 9.720E+09  1.000E+07  (years)
Time, dt: 9.730E+09  1.000E+07  (years)
Time, dt: 9.740E+09  1.000E+07  (years)
Time, dt: 9.750E+09  1.000E+07  (years)
Time, dt: 9.760E+09  1.000E+07  (years)
Time, dt: 9.770E+09  1.000E+07  (years)
Time, dt: 9.780E+09  1.000E+07  (years)
Time, dt: 9.790E+09  1.000E+07  (years)
Time, dt: 9.800E+09  1.000E+07  (years)
Time, dt: 9.810E+09  1.000E+07  (years)
Time, dt: 9.820E+09  1.000E+07  (years)
Time, dt: 9.830E+09  1.000E+07  (years)
Time, dt: 9.840E+09  1.000E+07  (years)
Time, dt: 9.850E+09  1.000E+07  (years)
Time, dt: 9.860E+09  1.000E+07  (years)
Time, dt: 9.870E+09  1.000E+07  (years)
Time, dt: 9.880E+09  1.000E+07  (years)
Time, dt: 9.890E+09  1.000E+07  (years)
Time, dt: 9.900E+09  1.000E+07  (years)
Time, dt: 9.910E+09  1.000E+07  (years)
Time, dt: 9.920E+09  1.000E+07  (years)
Time, dt: 9.930E+09  1.000E+07  (years)
Time, dt: 9.940E+09  1.000E+07  (years)
Time, dt: 9.950E+09  1.000E+07  (years)
Time, dt: 9.960E+09  1.000E+07  (years)
Time, dt: 9.970E+09  1.000E+07  (years)
Time, dt: 9.980E+09  1.000E+07  (years)
Time, dt: 9.990E+09  1.000E+07  (years)
Time, dt: 1.000E+10  1.000E+07  (years)
 CPU time:    45.76000      s
 Wall clock time:          187  s
