  2.82158E+48 -2.82158E+48  5.19897E+47 -4.78020E+47 -4.18776E+46  0.00000E+00  5.30712E+48
  1.78116E+48 -1.78116E+48  3.59971E+47 -3.41077E+47 -1.88936E+46  0.00000E+00  5.23379E+48
  1.20688E+48 -1.20688E+48  2.66444E+47 -2.55196E+47 -1.12480E+46  0.00000E+00  5.20082E+48
  8.76627E+47 -8.76627E+47  2.05331E+47 -1.98276E+47 -7.05529E+45  0.00000E+00  5.18529E+48
  6.75851E+47 -6.75851E+47  1.63119E+47 -1.58495E+47 -4.62368E+45  0.00000E+00  5.18148E+48
  5.44365E+47 -5.44365E+47  1.32574E+47 -1.29431E+47 -3.14258E+45  0.00000E+00  5.18085E+48
  4.52676E+47 -4.52676E+47  1.09629E+47 -1.07447E+47 -2.18225E+45  0.00000E+00  5.17986E+48
  3.85393E+47 -3.85393E+47  9.18519E+46 -9.03215E+46 -1.53039E+45  0.00000E+00  5.17862E+48
  3.33930E+47 -3.33930E+47  7.77835E+46 -7.67019E+46 -1.08163E+45  0.00000E+00  5.17750E+48
  2.93214E+47 -2.93214E+47  6.64161E+46 -6.56510E+46 -7.65092E+44  0.00000E+00  5.17639E+48
  2.60131E+47 -2.60131E+47  5.71154E+46 -5.65756E+46 -5.39857E+44  0.00000E+00  5.17530E+48
  2.32651E+47 -2.32651E+47  4.94243E+46 -4.90480E+46 -3.76229E+44  0.00000E+00  5.17421E+48
  2.09457E+47 -2.09457E+47  4.29578E+46 -4.27027E+46 -2.55155E+44  0.00000E+00  5.17313E+48
  1.89612E+47 -1.89612E+47  3.74624E+46 -3.72974E+46 -1.64979E+44  0.00000E+00  5.17207E+48
  1.72399E+47 -1.72399E+47  3.27990E+46 -3.27010E+46 -9.80096E+43  0.00000E+00  5.17104E+48
  1.57402E+47 -1.57402E+47  2.87766E+46 -2.87271E+46 -4.94998E+43  0.00000E+00  5.17009E+48
  1.44112E+47 -1.44112E+47  2.52935E+46 -2.52827E+46 -1.08747E+43  0.00000E+00  5.16912E+48
  1.32328E+47 -1.32328E+47  2.22452E+46 -2.22631E+46  1.78885E+43  0.00000E+00  5.16821E+48
  1.21816E+47 -1.21816E+47  1.95115E+46 -1.95543E+46  4.28203E+43  0.00000E+00  5.16729E+48
  1.12294E+47 -1.12294E+47  1.71251E+46 -1.71888E+46  6.36756E+43  0.00000E+00  5.16637E+48
  1.03676E+47 -1.03676E+47  1.50201E+46 -1.51000E+46  7.98441E+43  0.00000E+00  5.16548E+48
  9.58959E+46 -9.58959E+46  1.31574E+46 -1.32481E+46  9.06843E+43  0.00000E+00  5.16468E+48
  8.88006E+46 -8.88006E+46  1.14997E+46 -1.15987E+46  9.90337E+43  0.00000E+00  5.16391E+48
  8.22643E+46 -8.22643E+46  1.00593E+46 -1.01648E+46  1.05486E+44  0.00000E+00  5.16318E+48
  7.62971E+46 -7.62971E+46  8.73569E+45 -8.84614E+45  1.10447E+44  0.00000E+00  5.16248E+48
  7.07998E+46 -7.07998E+46  7.54825E+45 -7.66244E+45  1.14191E+44  0.00000E+00  5.16181E+48
  6.56829E+46 -6.56829E+46  6.52381E+45 -6.64063E+45  1.16821E+44  0.00000E+00  5.16117E+48
  6.09466E+46 -6.09466E+46  5.60233E+45 -5.72072E+45  1.18393E+44  0.00000E+00  5.16056E+48
  5.65541E+46 -5.65541E+46  4.77163E+45 -4.89085E+45  1.19226E+44  0.00000E+00  5.15999E+48
  5.25085E+46 -5.25085E+46  3.98249E+45 -4.10245E+45  1.19963E+44  0.00000E+00  5.15944E+48
  4.87024E+46 -4.87024E+46  3.30828E+45 -3.42839E+45  1.20104E+44  0.00000E+00  5.15892E+48
  4.51546E+46 -4.51546E+46  2.69783E+45 -2.81760E+45  1.19764E+44  0.00000E+00  5.15843E+48
  4.18436E+46 -4.18436E+46  2.14514E+45 -2.26419E+45  1.19050E+44  0.00000E+00  5.15796E+48
  3.87515E+46 -3.87515E+46  1.64538E+45 -1.76338E+45  1.17999E+44  0.00000E+00  5.15752E+48
  3.58629E+46 -3.58629E+46  1.19475E+45 -1.31136E+45  1.16606E+44  0.00000E+00  5.15709E+48
  3.31663E+46 -3.31663E+46  7.90596E+44 -9.05419E+44  1.14823E+44  0.00000E+00  5.15669E+48
  3.06493E+46 -3.06493E+46  4.30359E+44 -5.42988E+44  1.12629E+44  0.00000E+00  5.15630E+48
  2.83024E+46 -2.83024E+46  1.11743E+44 -2.21757E+44  1.10015E+44  0.00000E+00  5.15592E+48
  2.61167E+46 -2.61167E+46 -1.67518E+44  6.05277E+43  1.06991E+44  0.00000E+00  5.15555E+48
  2.40836E+46 -2.40836E+46 -4.09745E+44  3.06160E+44  1.03586E+44  0.00000E+00  5.15520E+48
  2.21955E+46 -2.21955E+46 -6.17265E+44  5.17425E+44  9.98397E+43  0.00000E+00  5.15486E+48
  2.04443E+46 -2.04443E+46 -7.92704E+44  6.96884E+44  9.58200E+43  0.00000E+00  5.15453E+48
  1.88220E+46 -1.88220E+46 -9.38815E+44  8.47214E+44  9.16008E+43  0.00000E+00  5.15421E+48
  1.73207E+46 -1.73207E+46 -1.05838E+45  9.71119E+44  8.72571E+43  0.00000E+00  5.15390E+48
  1.59325E+46 -1.59325E+46 -1.15406E+45  1.07120E+45  8.28552E+43  0.00000E+00  5.15360E+48
  1.46501E+46 -1.46501E+46 -1.22846E+45  1.15000E+45  7.84551E+43  0.00000E+00  5.15332E+48
  1.34660E+46 -1.34660E+46 -1.28405E+45  1.20994E+45  7.41092E+43  0.00000E+00  5.15304E+48
  1.23734E+46 -1.23734E+46 -1.32317E+45  1.25331E+45  6.98595E+43  0.00000E+00  5.15278E+48
  1.13657E+46 -1.13657E+46 -1.34793E+45  1.28219E+45  6.57375E+43  0.00000E+00  5.15253E+48
  1.04367E+46 -1.04367E+46 -1.36028E+45  1.29851E+45  6.17661E+43  0.00000E+00  5.15229E+48
  9.58061E+45 -9.58061E+45 -1.36197E+45  1.30401E+45  5.79610E+43  0.00000E+00  5.15206E+48
  8.79194E+45 -8.79194E+45 -1.35460E+45  1.30027E+45  5.43320E+43  0.00000E+00  5.15185E+48
  8.06565E+45 -8.06565E+45 -1.33957E+45  1.28869E+45  5.08837E+43  0.00000E+00  5.15164E+48
  7.39704E+45 -7.39704E+45 -1.31814E+45  1.27052E+45  4.76170E+43  0.00000E+00  5.15144E+48
  6.78171E+45 -6.78171E+45 -1.29142E+45  1.24689E+45  4.45302E+43  0.00000E+00  5.15126E+48
  6.21560E+45 -6.21560E+45 -1.26039E+45  1.21877E+45  4.16192E+43  0.00000E+00  5.15108E+48
  5.69494E+45 -5.69494E+45 -1.22591E+45  1.18704E+45  3.88786E+43  0.00000E+00  5.15091E+48
  5.21621E+45 -5.21621E+45 -1.18874E+45  1.15244E+45  3.63019E+43  0.00000E+00  5.15075E+48
  4.77609E+45 -4.77609E+45 -1.14954E+45  1.11566E+45  3.38824E+43  0.00000E+00  5.15060E+48
  4.37170E+45 -4.37170E+45 -1.10888E+45  1.07726E+45  3.16128E+43  0.00000E+00  5.15046E+48
  4.00020E+45 -4.00020E+45 -1.06724E+45  1.03775E+45  2.94854E+43  0.00000E+00  5.15033E+48
  3.65901E+45 -3.65901E+45 -1.02505E+45  9.97558E+44  2.74923E+43  0.00000E+00  5.15020E+48
  3.34577E+45 -3.34577E+45 -9.82666E+44  9.57040E+44  2.56261E+43  0.00000E+00  5.15009E+48
  3.05826E+45 -3.05826E+45 -9.40395E+44  9.16515E+44  2.38796E+43  0.00000E+00  5.14997E+48
  2.79445E+45 -2.79445E+45 -8.98494E+44  8.76248E+44  2.22459E+43  0.00000E+00  5.14987E+48
  2.55247E+45 -2.55247E+45 -8.57179E+44  8.36461E+44  2.07182E+43  0.00000E+00  5.14977E+48
  2.33056E+45 -2.33056E+45 -8.16635E+44  7.97345E+44  1.92904E+43  0.00000E+00  5.14968E+48
  2.12712E+45 -2.12712E+45 -7.77007E+44  7.59050E+44  1.79565E+43  0.00000E+00  5.14959E+48
  1.94067E+45 -1.94067E+45 -7.38410E+44  7.21699E+44  1.67105E+43  0.00000E+00  5.14951E+48
  1.76985E+45 -1.76985E+45 -7.00936E+44  6.85389E+44  1.55470E+43  0.00000E+00  5.14943E+48
  1.61339E+45 -1.61339E+45 -6.64655E+44  6.50195E+44  1.44607E+43  0.00000E+00  5.14936E+48
  1.47000E+45 -1.47000E+45 -6.29634E+44  6.16187E+44  1.34468E+43  0.00000E+00  5.14930E+48
  1.33889E+45 -1.33889E+45 -5.95879E+44  5.83378E+44  1.25007E+43  0.00000E+00  5.14923E+48
  1.21892E+45 -1.21892E+45 -5.63427E+44  5.51809E+44  1.16181E+43  0.00000E+00  5.14918E+48
  1.10920E+45 -1.10920E+45 -5.32289E+44  5.21494E+44  1.07949E+43  0.00000E+00  5.14912E+48
  1.00886E+45 -1.00886E+45 -5.02465E+44  4.92437E+44  1.00273E+43  0.00000E+00  5.14907E+48
  9.17147E+44 -9.17147E+44 -4.73946E+44  4.64634E+44  9.31186E+42  0.00000E+00  5.14902E+48
  8.33343E+44 -8.33343E+44 -4.46717E+44  4.38072E+44  8.64507E+42  0.00000E+00  5.14898E+48
  7.56794E+44 -7.56794E+44 -4.20757E+44  4.12733E+44  8.02381E+42  0.00000E+00  5.14893E+48
  6.86897E+44 -6.86897E+44 -3.96038E+44  3.88593E+44  7.44511E+42  0.00000E+00  5.14890E+48
  6.23097E+44 -6.23097E+44 -3.72531E+44  3.65625E+44  6.90616E+42  0.00000E+00  5.14886E+48
  5.64886E+44 -5.64886E+44 -3.50202E+44  3.43797E+44  6.40436E+42  0.00000E+00  5.14883E+48
  5.11795E+44 -5.11795E+44 -3.29014E+44  3.23077E+44  5.93724E+42  0.00000E+00  5.14879E+48
  4.63393E+44 -4.63393E+44 -3.08929E+44  3.03427E+44  5.50251E+42  0.00000E+00  5.14876E+48
  4.19284E+44 -4.19284E+44 -2.89909E+44  2.84811E+44  5.09801E+42  0.00000E+00  5.14874E+48
  3.79105E+44 -3.79105E+44 -2.71912E+44  2.67190E+44  4.72172E+42  0.00000E+00  5.14871E+48
  3.42522E+44 -3.42522E+44 -2.54899E+44  2.50527E+44  4.37175E+42  0.00000E+00  5.14869E+48
  3.09230E+44 -3.09230E+44 -2.38828E+44  2.34782E+44  4.04633E+42  0.00000E+00  5.14867E+48
  2.78945E+44 -2.78945E+44 -2.23660E+44  2.19916E+44  3.74381E+42  0.00000E+00  5.14865E+48
  2.51411E+44 -2.51411E+44 -2.09353E+44  2.05890E+44  3.46263E+42  0.00000E+00  5.14863E+48
  2.26390E+44 -2.26390E+44 -1.95869E+44  1.92667E+44  3.20134E+42  0.00000E+00  5.14861E+48
  2.03666E+44 -2.03666E+44 -1.83168E+44  1.80209E+44  2.95860E+42  0.00000E+00  5.14859E+48
  1.83039E+44 -1.83039E+44 -1.71213E+44  1.68480E+44  2.73313E+42  0.00000E+00  5.14858E+48
  1.64326E+44 -1.64326E+44 -1.59967E+44  1.57443E+44  2.52375E+42  0.00000E+00  5.14856E+48
  1.47360E+44 -1.47360E+44 -1.49393E+44  1.47064E+44  2.32936E+42  0.00000E+00  5.14855E+48
  1.31988E+44 -1.31988E+44 -1.39458E+44  1.37309E+44  2.14892E+42  0.00000E+00  5.14854E+48
  1.18070E+44 -1.18070E+44 -1.30128E+44  1.28147E+44  1.98147E+42  0.00000E+00  5.14853E+48
  1.05476E+44 -1.05476E+44 -1.21371E+44  1.19544E+44  1.82610E+42  0.00000E+00  5.14851E+48
  9.40896E+43 -9.40896E+43 -1.13155E+44  1.11473E+44  1.68199E+42  0.00000E+00  5.14851E+48
  8.38022E+43 -8.38022E+43 -1.05451E+44  1.03902E+44  1.54833E+42  0.00000E+00  5.14850E+48
